2020-12-02T02:16:47.222Z - normal: Load ~/.CocosCreator/settings.json
2020-12-02T02:16:47.226Z - normal: checking language setting...
2020-12-02T02:16:47.226Z - normal: Language: en
2020-12-02T02:16:48.901Z - success: protocol editor-framework registered
2020-12-02T02:16:48.901Z - success: protocol app registered
2020-12-02T02:16:48.901Z - success: protocol theme registered
2020-12-02T02:16:48.902Z - success: protocol packages registered
2020-12-02T02:16:48.902Z - success: protocol unpack registerred
2020-12-02T02:16:48.902Z - success: protocol disable-commonjs registerred
2020-12-02T02:16:49.871Z - normal: connected!
2020-12-02T02:16:49.873Z - normal: Check project D:\CocosProject\HappyJump
2020-12-02T02:16:49.874Z - normal: Initializing Cocos2d
2020-12-02T02:16:50.067Z - normal: Initializing Asset Database
2020-12-02T02:16:50.097Z - success: protocol uuid registerred
2020-12-02T02:16:50.097Z - success: protocol db registerred
2020-12-02T02:16:50.097Z - success: protocol thumbnail registerred
2020-12-02T02:16:50.098Z - normal: Loading editor/builtin packages
2020-12-02T02:16:50.114Z - success: anysdk loaded
2020-12-02T02:16:50.219Z - success: assets loaded
2020-12-02T02:16:50.221Z - success: builder loaded
2020-12-02T02:16:50.224Z - success: cocos-analytics loaded
2020-12-02T02:16:50.227Z - success: console loaded
2020-12-02T02:16:50.266Z - success: fb-instant-games loaded
2020-12-02T02:16:50.268Z - success: hierarchy loaded
2020-12-02T02:16:50.271Z - success: inspector loaded
2020-12-02T02:16:50.272Z - success: keystore loaded
2020-12-02T02:16:50.275Z - success: node-library loaded
2020-12-02T02:16:50.277Z - success: package-asset loaded
2020-12-02T02:16:50.278Z - success: preferences loaded
2020-12-02T02:16:50.280Z - success: project-exporter loaded
2020-12-02T02:16:50.292Z - success: project-importer loaded
2020-12-02T02:16:50.294Z - success: project-settings loaded
2020-12-02T02:16:50.296Z - success: ui-kit loaded
2020-12-02T02:16:50.298Z - success: ui-grid loaded
2020-12-02T02:16:50.300Z - success: scene loaded
2020-12-02T02:16:50.301Z - success: sprite-editor loaded
2020-12-02T02:16:50.304Z - success: store loaded
2020-12-02T02:16:50.306Z - success: timeline loaded
2020-12-02T02:16:50.307Z - normal: Loading builtin packages
2020-12-02T02:16:50.309Z - success: asset-db-debugger loaded
2020-12-02T02:16:50.310Z - success: code-editor loaded
2020-12-02T02:16:50.311Z - success: color-picker loaded
2020-12-02T02:16:50.313Z - success: package-manager loaded
2020-12-02T02:16:50.316Z - success: sdkbox loaded
2020-12-02T02:16:50.318Z - success: tester loaded
2020-12-02T02:16:50.320Z - success: ui-kit-preview-extra loaded
2020-12-02T02:16:50.321Z - success: ui-kit-preview loaded
2020-12-02T02:16:50.322Z - success: ui-tree loaded
2020-12-02T02:16:51.295Z - normal: Initializing project D:\CocosProject\HappyJump
2020-12-02T02:16:51.301Z - normal: Loading packages
2020-12-02T02:16:51.311Z - success: im-plugin loaded
2020-12-02T02:16:51.312Z - normal: Watching packages
2020-12-02T02:16:51.339Z - normal: Run Application
2020-12-02T02:16:52.334Z - success: preview server running at http://localhost:7456
2020-12-02T02:16:57.302Z - normal: 1.9.1
2020-12-02T02:16:57.661Z - warn: No need to specify the "type" of "ScoreMoving.perfectColor" because cc.Color is a child class of ValueType. Just set the default value to 'new cc.Color()' and it will be handled properly. ScoreMoving perfectColor cc.Color
2020-12-02T02:16:57.986Z - warn: The Asset used by component "cc.Sprite" in prefab "LoadingLayer.prefab" is missing. Detailed information:
Node path: "LoadingLayer/Loading"
Asset url: "db://assets/Loading/LoadingLayer.prefab"
Missing uuid: "410fb916-8721-4663-bab8-34397391ace7"

